-------------------------------------------------------------------------------
Test set: com.insurance.AppTest
-------------------------------------------------------------------------------
Tests run: 1, Failures: 0, Errors: 1, Skipped: 0, Time elapsed: 0.126 s <<< FAILURE! - in com.insurance.AppTest
com.insurance.AppTest  Time elapsed: 0.125 s  <<< ERROR!
java.lang.IllegalStateException: Unable to find a @SpringBootConfiguration, you need to use @ContextConfiguration or @SpringBootTest(classes=...) with your test

